<?xml version="1.0" encoding="UTF-8"?>
<testng-results skipped="1" failed="0" ignored="0" total="1" passed="0">
  <reporter-output>
  </reporter-output>
  <suite name="Default suite" duration-ms="2445" started-at="2023-02-21T23:21:50 IST" finished-at="2023-02-21T23:21:52 IST">
    <groups>
    </groups>
    <test name="Default test" duration-ms="2445" started-at="2023-02-21T23:21:50 IST" finished-at="2023-02-21T23:21:52 IST">
      <class name="basicTestng.SampleofTestng">
        <test-method status="FAIL" signature="launchbrowser()[pri:0, instance:basicTestng.SampleofTestng@34cd072c]" name="launchbrowser" is-config="true" duration-ms="2359" started-at="2023-02-21T23:21:50 IST" finished-at="2023-02-21T23:21:52 IST">
          <exception class="org.openqa.selenium.SessionNotCreatedException">
            <message>
              <![CDATA[session not created: This version of ChromeDriver only supports Chrome version 108
Current browser version is 110.0.5481.104 with binary path C:\Program Files\Google\Chrome\Application\chrome.exe
Build info: version: '3.141.59', revision: 'e82be7d358', time: '2018-11-14T08:25:48'
System info: host: 'DESKTOP-S2A4LDH', ip: '192.168.1.35', os.name: 'Windows 10', os.arch: 'amd64', os.version: '10.0', java.version: '1.8.0_202'
Driver info: driver.version: ChromeDriver
remote stacktrace: Backtrace:
(No symbol) [0x0114F243]
(No symbol) [0x010D7FD1]
(No symbol) [0x00FCD04D]
(No symbol) [0x00FEF6B4]
(No symbol) [0x00FEA97C]
(No symbol) [0x00FE82E9]
(No symbol) [0x0101F056]
(No symbol) [0x0101EB2A]
(No symbol) [0x01018386]
(No symbol) [0x00FF163C]
(No symbol) [0x00FF269D]
GetHandleVerifier [0x013E9A22+2655074]
GetHandleVerifier [0x013DCA24+2601828]
GetHandleVerifier [0x011F8C0A+619850]
GetHandleVerifier [0x011F7830+614768]
(No symbol) [0x010E05FC]
(No symbol) [0x010E5968]
(No symbol) [0x010E5A55]
(No symbol) [0x010F051B]
BaseThreadInitThunk [0x75D07D69+25]
RtlInitializeExceptionChain [0x7705BB9B+107]
RtlClearBits [0x7705BB1F+191]
]]>
            </message>
            <full-stacktrace>
              <![CDATA[org.openqa.selenium.SessionNotCreatedException: session not created: This version of ChromeDriver only supports Chrome version 108
Current browser version is 110.0.5481.104 with binary path C:\Program Files\Google\Chrome\Application\chrome.exe
Build info: version: '3.141.59', revision: 'e82be7d358', time: '2018-11-14T08:25:48'
System info: host: 'DESKTOP-S2A4LDH', ip: '192.168.1.35', os.name: 'Windows 10', os.arch: 'amd64', os.version: '10.0', java.version: '1.8.0_202'
Driver info: driver.version: ChromeDriver
remote stacktrace: Backtrace:
(No symbol) [0x0114F243]
(No symbol) [0x010D7FD1]
(No symbol) [0x00FCD04D]
(No symbol) [0x00FEF6B4]
(No symbol) [0x00FEA97C]
(No symbol) [0x00FE82E9]
(No symbol) [0x0101F056]
(No symbol) [0x0101EB2A]
(No symbol) [0x01018386]
(No symbol) [0x00FF163C]
(No symbol) [0x00FF269D]
GetHandleVerifier [0x013E9A22+2655074]
GetHandleVerifier [0x013DCA24+2601828]
GetHandleVerifier [0x011F8C0A+619850]
GetHandleVerifier [0x011F7830+614768]
(No symbol) [0x010E05FC]
(No symbol) [0x010E5968]
(No symbol) [0x010E5A55]
(No symbol) [0x010F051B]
BaseThreadInitThunk [0x75D07D69+25]
RtlInitializeExceptionChain [0x7705BB9B+107]
RtlClearBits [0x7705BB1F+191]

at sun.reflect.NativeConstructorAccessorImpl.newInstance0(Native Method)
at sun.reflect.NativeConstructorAccessorImpl.newInstance(Unknown Source)
at sun.reflect.DelegatingConstructorAccessorImpl.newInstance(Unknown Source)
at java.lang.reflect.Constructor.newInstance(Unknown Source)
at org.openqa.selenium.remote.W3CHandshakeResponse.lambda$errorHandler$0(W3CHandshakeResponse.java:62)
at org.openqa.selenium.remote.HandshakeResponse.lambda$getResponseFunction$0(HandshakeResponse.java:30)
at org.openqa.selenium.remote.ProtocolHandshake.lambda$createSession$0(ProtocolHandshake.java:126)
at java.util.stream.ReferencePipeline$3$1.accept(Unknown Source)
at java.util.Spliterators$ArraySpliterator.tryAdvance(Unknown Source)
at java.util.stream.ReferencePipeline.forEachWithCancel(Unknown Source)
at java.util.stream.AbstractPipeline.copyIntoWithCancel(Unknown Source)
at java.util.stream.AbstractPipeline.copyInto(Unknown Source)
at java.util.stream.AbstractPipeline.wrapAndCopyInto(Unknown Source)
at java.util.stream.FindOps$FindOp.evaluateSequential(Unknown Source)
at java.util.stream.AbstractPipeline.evaluate(Unknown Source)
at java.util.stream.ReferencePipeline.findFirst(Unknown Source)
at org.openqa.selenium.remote.ProtocolHandshake.createSession(ProtocolHandshake.java:128)
at org.openqa.selenium.remote.ProtocolHandshake.createSession(ProtocolHandshake.java:74)
at org.openqa.selenium.remote.HttpCommandExecutor.execute(HttpCommandExecutor.java:136)
at org.openqa.selenium.remote.service.DriverCommandExecutor.execute(DriverCommandExecutor.java:83)
at org.openqa.selenium.remote.RemoteWebDriver.execute(RemoteWebDriver.java:552)
at org.openqa.selenium.remote.RemoteWebDriver.startSession(RemoteWebDriver.java:213)
at org.openqa.selenium.remote.RemoteWebDriver.<init>(RemoteWebDriver.java:131)
at org.openqa.selenium.chrome.ChromeDriver.<init>(ChromeDriver.java:181)
at org.openqa.selenium.chrome.ChromeDriver.<init>(ChromeDriver.java:168)
at org.openqa.selenium.chrome.ChromeDriver.<init>(ChromeDriver.java:123)
at basicTestng.SampleofTestng.launchbrowser(SampleofTestng.java:20)
at sun.reflect.NativeMethodAccessorImpl.invoke0(Native Method)
at sun.reflect.NativeMethodAccessorImpl.invoke(Unknown Source)
at sun.reflect.DelegatingMethodAccessorImpl.invoke(Unknown Source)
at java.lang.reflect.Method.invoke(Unknown Source)
at org.testng.internal.MethodInvocationHelper.invokeMethod(MethodInvocationHelper.java:133)
at org.testng.internal.MethodInvocationHelper.invokeMethodConsideringTimeout(MethodInvocationHelper.java:62)
at org.testng.internal.ConfigInvoker.invokeConfigurationMethod(ConfigInvoker.java:385)
at org.testng.internal.ConfigInvoker.invokeConfigurations(ConfigInvoker.java:321)
at org.testng.TestRunner.invokeTestConfigurations(TestRunner.java:637)
at org.testng.TestRunner.beforeRun(TestRunner.java:627)
at org.testng.TestRunner.run(TestRunner.java:589)
at org.testng.SuiteRunner.runTest(SuiteRunner.java:377)
at org.testng.SuiteRunner.runSequentially(SuiteRunner.java:371)
at org.testng.SuiteRunner.privateRun(SuiteRunner.java:332)
at org.testng.SuiteRunner.run(SuiteRunner.java:276)
at org.testng.SuiteRunnerWorker.runSuite(SuiteRunnerWorker.java:53)
at org.testng.SuiteRunnerWorker.run(SuiteRunnerWorker.java:96)
at org.testng.TestNG.runSuitesSequentially(TestNG.java:1212)
at org.testng.TestNG.runSuitesLocally(TestNG.java:1134)
at org.testng.TestNG.runSuites(TestNG.java:1063)
at org.testng.TestNG.run(TestNG.java:1031)
at org.testng.remote.AbstractRemoteTestNG.run(AbstractRemoteTestNG.java:115)
at org.testng.remote.RemoteTestNG.initAndRun(RemoteTestNG.java:251)
at org.testng.remote.RemoteTestNG.main(RemoteTestNG.java:77)
]]>
            </full-stacktrace>
          </exception> <!-- org.openqa.selenium.SessionNotCreatedException -->
          <reporter-output>
          </reporter-output>
        </test-method> <!-- launchbrowser -->
        <test-method status="SKIP" signature="titleTest()[pri:0, instance:basicTestng.SampleofTestng@34cd072c]" name="titleTest" duration-ms="0" started-at="2023-02-21T23:21:52 IST" finished-at="2023-02-21T23:21:52 IST">
          <exception class="org.openqa.selenium.SessionNotCreatedException">
            <message>
              <![CDATA[session not created: This version of ChromeDriver only supports Chrome version 108
Current browser version is 110.0.5481.104 with binary path C:\Program Files\Google\Chrome\Application\chrome.exe
Build info: version: '3.141.59', revision: 'e82be7d358', time: '2018-11-14T08:25:48'
System info: host: 'DESKTOP-S2A4LDH', ip: '192.168.1.35', os.name: 'Windows 10', os.arch: 'amd64', os.version: '10.0', java.version: '1.8.0_202'
Driver info: driver.version: ChromeDriver
remote stacktrace: Backtrace:
(No symbol) [0x0114F243]
(No symbol) [0x010D7FD1]
(No symbol) [0x00FCD04D]
(No symbol) [0x00FEF6B4]
(No symbol) [0x00FEA97C]
(No symbol) [0x00FE82E9]
(No symbol) [0x0101F056]
(No symbol) [0x0101EB2A]
(No symbol) [0x01018386]
(No symbol) [0x00FF163C]
(No symbol) [0x00FF269D]
GetHandleVerifier [0x013E9A22+2655074]
GetHandleVerifier [0x013DCA24+2601828]
GetHandleVerifier [0x011F8C0A+619850]
GetHandleVerifier [0x011F7830+614768]
(No symbol) [0x010E05FC]
(No symbol) [0x010E5968]
(No symbol) [0x010E5A55]
(No symbol) [0x010F051B]
BaseThreadInitThunk [0x75D07D69+25]
RtlInitializeExceptionChain [0x7705BB9B+107]
RtlClearBits [0x7705BB1F+191]
]]>
            </message>
            <full-stacktrace>
              <![CDATA[org.openqa.selenium.SessionNotCreatedException: session not created: This version of ChromeDriver only supports Chrome version 108
Current browser version is 110.0.5481.104 with binary path C:\Program Files\Google\Chrome\Application\chrome.exe
Build info: version: '3.141.59', revision: 'e82be7d358', time: '2018-11-14T08:25:48'
System info: host: 'DESKTOP-S2A4LDH', ip: '192.168.1.35', os.name: 'Windows 10', os.arch: 'amd64', os.version: '10.0', java.version: '1.8.0_202'
Driver info: driver.version: ChromeDriver
remote stacktrace: Backtrace:
(No symbol) [0x0114F243]
(No symbol) [0x010D7FD1]
(No symbol) [0x00FCD04D]
(No symbol) [0x00FEF6B4]
(No symbol) [0x00FEA97C]
(No symbol) [0x00FE82E9]
(No symbol) [0x0101F056]
(No symbol) [0x0101EB2A]
(No symbol) [0x01018386]
(No symbol) [0x00FF163C]
(No symbol) [0x00FF269D]
GetHandleVerifier [0x013E9A22+2655074]
GetHandleVerifier [0x013DCA24+2601828]
GetHandleVerifier [0x011F8C0A+619850]
GetHandleVerifier [0x011F7830+614768]
(No symbol) [0x010E05FC]
(No symbol) [0x010E5968]
(No symbol) [0x010E5A55]
(No symbol) [0x010F051B]
BaseThreadInitThunk [0x75D07D69+25]
RtlInitializeExceptionChain [0x7705BB9B+107]
RtlClearBits [0x7705BB1F+191]

at sun.reflect.NativeConstructorAccessorImpl.newInstance0(Native Method)
at sun.reflect.NativeConstructorAccessorImpl.newInstance(Unknown Source)
at sun.reflect.DelegatingConstructorAccessorImpl.newInstance(Unknown Source)
at java.lang.reflect.Constructor.newInstance(Unknown Source)
at org.openqa.selenium.remote.W3CHandshakeResponse.lambda$errorHandler$0(W3CHandshakeResponse.java:62)
at org.openqa.selenium.remote.HandshakeResponse.lambda$getResponseFunction$0(HandshakeResponse.java:30)
at org.openqa.selenium.remote.ProtocolHandshake.lambda$createSession$0(ProtocolHandshake.java:126)
at java.util.stream.ReferencePipeline$3$1.accept(Unknown Source)
at java.util.Spliterators$ArraySpliterator.tryAdvance(Unknown Source)
at java.util.stream.ReferencePipeline.forEachWithCancel(Unknown Source)
at java.util.stream.AbstractPipeline.copyIntoWithCancel(Unknown Source)
at java.util.stream.AbstractPipeline.copyInto(Unknown Source)
at java.util.stream.AbstractPipeline.wrapAndCopyInto(Unknown Source)
at java.util.stream.FindOps$FindOp.evaluateSequential(Unknown Source)
at java.util.stream.AbstractPipeline.evaluate(Unknown Source)
at java.util.stream.ReferencePipeline.findFirst(Unknown Source)
at org.openqa.selenium.remote.ProtocolHandshake.createSession(ProtocolHandshake.java:128)
at org.openqa.selenium.remote.ProtocolHandshake.createSession(ProtocolHandshake.java:74)
at org.openqa.selenium.remote.HttpCommandExecutor.execute(HttpCommandExecutor.java:136)
at org.openqa.selenium.remote.service.DriverCommandExecutor.execute(DriverCommandExecutor.java:83)
at org.openqa.selenium.remote.RemoteWebDriver.execute(RemoteWebDriver.java:552)
at org.openqa.selenium.remote.RemoteWebDriver.startSession(RemoteWebDriver.java:213)
at org.openqa.selenium.remote.RemoteWebDriver.<init>(RemoteWebDriver.java:131)
at org.openqa.selenium.chrome.ChromeDriver.<init>(ChromeDriver.java:181)
at org.openqa.selenium.chrome.ChromeDriver.<init>(ChromeDriver.java:168)
at org.openqa.selenium.chrome.ChromeDriver.<init>(ChromeDriver.java:123)
at basicTestng.SampleofTestng.launchbrowser(SampleofTestng.java:20)
at sun.reflect.NativeMethodAccessorImpl.invoke0(Native Method)
at sun.reflect.NativeMethodAccessorImpl.invoke(Unknown Source)
at sun.reflect.DelegatingMethodAccessorImpl.invoke(Unknown Source)
at java.lang.reflect.Method.invoke(Unknown Source)
at org.testng.internal.MethodInvocationHelper.invokeMethod(MethodInvocationHelper.java:133)
at org.testng.internal.MethodInvocationHelper.invokeMethodConsideringTimeout(MethodInvocationHelper.java:62)
at org.testng.internal.ConfigInvoker.invokeConfigurationMethod(ConfigInvoker.java:385)
at org.testng.internal.ConfigInvoker.invokeConfigurations(ConfigInvoker.java:321)
at org.testng.TestRunner.invokeTestConfigurations(TestRunner.java:637)
at org.testng.TestRunner.beforeRun(TestRunner.java:627)
at org.testng.TestRunner.run(TestRunner.java:589)
at org.testng.SuiteRunner.runTest(SuiteRunner.java:377)
at org.testng.SuiteRunner.runSequentially(SuiteRunner.java:371)
at org.testng.SuiteRunner.privateRun(SuiteRunner.java:332)
at org.testng.SuiteRunner.run(SuiteRunner.java:276)
at org.testng.SuiteRunnerWorker.runSuite(SuiteRunnerWorker.java:53)
at org.testng.SuiteRunnerWorker.run(SuiteRunnerWorker.java:96)
at org.testng.TestNG.runSuitesSequentially(TestNG.java:1212)
at org.testng.TestNG.runSuitesLocally(TestNG.java:1134)
at org.testng.TestNG.runSuites(TestNG.java:1063)
at org.testng.TestNG.run(TestNG.java:1031)
at org.testng.remote.AbstractRemoteTestNG.run(AbstractRemoteTestNG.java:115)
at org.testng.remote.RemoteTestNG.initAndRun(RemoteTestNG.java:251)
at org.testng.remote.RemoteTestNG.main(RemoteTestNG.java:77)
]]>
            </full-stacktrace>
          </exception> <!-- org.openqa.selenium.SessionNotCreatedException -->
          <reporter-output>
          </reporter-output>
        </test-method> <!-- titleTest -->
        <test-method status="SKIP" signature="closebrowser()[pri:0, instance:basicTestng.SampleofTestng@34cd072c]" name="closebrowser" is-config="true" duration-ms="-1677001912983" started-at="2023-02-21T23:21:52 IST" finished-at="1970-01-01T05:30:00 IST">
          <reporter-output>
          </reporter-output>
        </test-method> <!-- closebrowser -->
      </class> <!-- basicTestng.SampleofTestng -->
    </test> <!-- Default test -->
  </suite> <!-- Default suite -->
</testng-results>
